This is pdfTeX, Version 3.14159265-2.6-1.40.18 (MiKTeX 2.9.6500 64-bit) (preloaded format=pdflatex 2017.12.3)  7 DEC 2017 23:13
entering extended mode
**./main.tex
(main.tex
LaTeX2e <2017-04-15>
Babel <3.15> and hyphenation patterns for 75 language(s) loaded.
("C:\Program Files\MiKTeX 2.9\tex\latex\extsizes\extreport.cls"
Document Class: extreport 1996/10/08 v1.0 Non Standard LaTeX document class
("C:\Program Files\MiKTeX 2.9\tex\latex\extsizes\size17.clo"
File: size17.clo 1999/11/11 NON-Standard LaTeX file (size option)
)
("C:\Program Files\MiKTeX 2.9\tex\latex\base\exscale.sty"
Package: exscale 2014/09/29 v2.1h Standard LaTeX package exscale
LaTeX Font Info:    Redeclaring symbol font `largesymbols' on input line 57.
LaTeX Font Info:    Overwriting symbol font `largesymbols' in version `normal'
(Font)                  OMX/cmex/m/n --> OMX/cmex/m/n on input line 57.
LaTeX Font Info:    Overwriting symbol font `largesymbols' in version `bold'
(Font)                  OMX/cmex/m/n --> OMX/cmex/m/n on input line 57.
\big@size=\dimen102
)
\c@part=\count79
\c@chapter=\count80
\c@section=\count81
\c@subsection=\count82
\c@subsubsection=\count83
\c@paragraph=\count84
\c@subparagraph=\count85
\c@figure=\count86
\c@table=\count87
\abovecaptionskip=\skip41
\belowcaptionskip=\skip42
\bibindent=\dimen103
)
("C:\Program Files\MiKTeX 2.9\tex\latex\graphics\graphicx.sty"
Package: graphicx 2017/06/01 v1.1a Enhanced LaTeX Graphics (DPC,SPQR)

("C:\Program Files\MiKTeX 2.9\tex\latex\graphics\keyval.sty"
Package: keyval 2014/10/28 v1.15 key=value parser (DPC)
\KV@toks@=\toks14
)
("C:\Program Files\MiKTeX 2.9\tex\latex\graphics\graphics.sty"
Package: graphics 2017/06/25 v1.2c Standard LaTeX Graphics (DPC,SPQR)

("C:\Program Files\MiKTeX 2.9\tex\latex\graphics\trig.sty"
Package: trig 2016/01/03 v1.10 sin cos tan (DPC)
)
("C:\Program Files\MiKTeX 2.9\tex\latex\graphics-cfg\graphics.cfg"
File: graphics.cfg 2016/06/04 v1.11 sample graphics configuration
)
Package graphics Info: Driver file: pdftex.def on input line 99.

("C:\Program Files\MiKTeX 2.9\tex\latex\graphics-def\pdftex.def"
File: pdftex.def 2017/06/24 v1.0g Graphics/color driver for pdftex
))
\Gin@req@height=\dimen104
\Gin@req@width=\dimen105
) (main.aux)
\openout1 = `main.aux'.

LaTeX Font Info:    Checking defaults for OML/cmm/m/it on input line 4.
LaTeX Font Info:    ... okay on input line 4.
LaTeX Font Info:    Checking defaults for T1/cmr/m/n on input line 4.
LaTeX Font Info:    ... okay on input line 4.
LaTeX Font Info:    Checking defaults for OT1/cmr/m/n on input line 4.
LaTeX Font Info:    ... okay on input line 4.
LaTeX Font Info:    Checking defaults for OMS/cmsy/m/n on input line 4.
LaTeX Font Info:    ... okay on input line 4.
LaTeX Font Info:    Checking defaults for OMX/cmex/m/n on input line 4.
LaTeX Font Info:    ... okay on input line 4.
LaTeX Font Info:    Checking defaults for U/cmr/m/n on input line 4.
LaTeX Font Info:    ... okay on input line 4.

("C:\Program Files\MiKTeX 2.9\tex\context\base\supp-pdf.mkii"
[Loading MPS to PDF converter (version 2006.09.02).]
\scratchcounter=\count88
\scratchdimen=\dimen106
\scratchbox=\box26
\nofMPsegments=\count89
\nofMParguments=\count90
\everyMPshowfont=\toks15
\MPscratchCnt=\count91
\MPscratchDim=\dimen107
\MPnumerator=\count92
\makeMPintoPDFobject=\count93
\everyMPtoPDFconversion=\toks16
) ("C:\Program Files\MiKTeX 2.9\tex\latex\oberdiek\epstopdf-base.sty"
Package: epstopdf-base 2016/05/15 v2.6 Base part for package epstopdf

("C:\Program Files\MiKTeX 2.9\tex\generic\oberdiek\infwarerr.sty"
Package: infwarerr 2016/05/16 v1.4 Providing info/warning/error messages (HO)
)
("C:\Program Files\MiKTeX 2.9\tex\latex\oberdiek\grfext.sty"
Package: grfext 2016/05/16 v1.2 Manage graphics extensions (HO)

("C:\Program Files\MiKTeX 2.9\tex\generic\oberdiek\kvdefinekeys.sty"
Package: kvdefinekeys 2016/05/16 v1.4 Define keys (HO)

("C:\Program Files\MiKTeX 2.9\tex\generic\oberdiek\ltxcmds.sty"
Package: ltxcmds 2016/05/16 v1.23 LaTeX kernel commands for general use (HO)
)))
("C:\Program Files\MiKTeX 2.9\tex\latex\oberdiek\kvoptions.sty"
Package: kvoptions 2016/05/16 v3.12 Key value format for package options (HO)

("C:\Program Files\MiKTeX 2.9\tex\generic\oberdiek\kvsetkeys.sty"
Package: kvsetkeys 2016/05/16 v1.17 Key value parser (HO)

("C:\Program Files\MiKTeX 2.9\tex\generic\oberdiek\etexcmds.sty"
Package: etexcmds 2016/05/16 v1.6 Avoid name clashes with e-TeX commands (HO)

("C:\Program Files\MiKTeX 2.9\tex\generic\oberdiek\ifluatex.sty"
Package: ifluatex 2016/05/16 v1.4 Provides the ifluatex switch (HO)
Package ifluatex Info: LuaTeX not detected.
)
Package etexcmds Info: Could not find \expanded.
(etexcmds)             That can mean that you are not using pdfTeX 1.50 or
(etexcmds)             that some package has redefined \expanded.
(etexcmds)             In the latter case, load this package earlier.
)))
("C:\Program Files\MiKTeX 2.9\tex\generic\oberdiek\pdftexcmds.sty"
Package: pdftexcmds 2017/03/19 v0.25 Utility functions of pdfTeX for LuaTeX (HO
)

("C:\Program Files\MiKTeX 2.9\tex\generic\oberdiek\ifpdf.sty"
Package: ifpdf 2017/03/15 v3.2 Provides the ifpdf switch
)
Package pdftexcmds Info: LuaTeX not detected.
Package pdftexcmds Info: \pdf@primitive is available.
Package pdftexcmds Info: \pdf@ifprimitive is available.
Package pdftexcmds Info: \pdfdraftmode found.
)
Package epstopdf-base Info: Redefining graphics rule for `.eps' on input line 4
38.
Package grfext Info: Graphics extension search list:
(grfext)             [.pdf,.png,.jpg,.mps,.jpeg,.jbig2,.jb2,.PDF,.PNG,.JPG,.JPE
G,.JBIG2,.JB2,.eps]
(grfext)             \AppendGraphicsExtensions on input line 456.
)
Chapter 1.
Missing character: There is no ‚ in font cmr17!
Missing character: There is no Ä in font cmr17!
Missing character: There is no ú in font cmr17!
Missing character: There is no ‚ in font cmr17!
Missing character: There is no Ä in font cmr17!
Missing character: There is no ù in font cmr17!
[1


{C:/Users/Jaydeep/AppData/Local/MiKTeX/2.9/pdftex/config/pdftex.map}]
[2] [3]
Missing character: There is no ‚ in font cmr17!
Missing character: There is no Ä in font cmr17!
Missing character: There is no ì in font cmr17!
 [4]
Missing character: There is no ‚ in font cmr17!
Missing character: There is no Ä in font cmr17!
Missing character: There is no ì in font cmr17!

Overfull \hbox (5.72847pt too wide) in paragraph at lines 59--60
[]\OT1/cmr/m/n/17.28 In test-ing with sags for which volt-age in the un-sagged 
phase(s)
 []

Missing character: There is no ¬ in font cmr17!
Missing character: There is no ± in font cmr17!

Overfull \hbox (9.04387pt too wide) in paragraph at lines 65--66
\OT1/cmr/m/n/17.28 mea-sure-ments de-scribed in step 3 were re-peated (mo-tor s
peeds
 []

[5]
<asd2.jpg, id=20, 1541.76pt x 749.80125pt>
File: asd2.jpg Graphic file (type jpg)
<use asd2.jpg>
Package pdftex.def Info: asd2.jpg  used on input line 78. on input line 78.
Package pdftex.def Info: Requested size: 452.0pt x 219.81653pt on input line 78
.
Missing character: There is no ‚ in font cmr17!
Missing character: There is no Ä in font cmr17!
Missing character: There is no ú in font cmr17!
Missing character: There is no ‚ in font cmr17!
Missing character: There is no Ä in font cmr17!
Missing character: There is no ù in font cmr17!
 [6 <./asd2.jpg>]
Missing character: There is no ‚ in font cmr17!
Missing character: There is no Ä in font cmr17!
Missing character: There is no ô in font cmr17!
 [7]
<pc.PNG, id=28, 290.88675pt x 208.3785pt>
File: pc.PNG Graphic file (type png)
<use pc.PNG>
Package pdftex.def Info: pc.PNG  used on input line 97. on input line 97.
Package pdftex.def Info: Requested size: 452.0pt x 323.80365pt on input line 97
.
 [8] [9 <./pc.PNG>]
Missing character: There is no ‚ in font cmr17!
Missing character: There is no Ä in font cmr17!
Missing character: There is no ô in font cmr17!
Missing character: There is no ‚ in font cmr17!
Missing character: There is no Ä in font cmr17!
Missing character: There is no ú in font cmr17!
Missing character: There is no ‚ in font cmr17!
Missing character: There is no Ä in font cmr17!
Missing character: There is no ù in font cmr17!
 [10]
<contactor.png, id=40, 350.5095pt x 252.945pt>
File: contactor.png Graphic file (type png)
<use contactor.png>
Package pdftex.def Info: contactor.png  used on input line 114. on input line 1
14.
Package pdftex.def Info: Requested size: 452.0pt x 326.19234pt on input line 11
4.

Overfull \hbox (57.06871pt too wide) in paragraph at lines 118--118
[]\OT1/cmr/bx/n/20.74 Programmable Logic Con-troller (PLCs) 
 []

Missing character: There is no ‚ in font cmr17!
Missing character: There is no Ä in font cmr17!
Missing character: There is no ú in font cmr17!
Missing character: There is no ‚ in font cmr17!
Missing character: There is no Ä in font cmr17!
Missing character: There is no ù in font cmr17!
[11 <./contactor.png>]
<plc.PNG, id=45, 259.56975pt x 191.5155pt>
File: plc.PNG Graphic file (type png)
<use plc.PNG>
Package pdftex.def Info: plc.PNG  used on input line 122. on input line 122.
Package pdftex.def Info: Requested size: 452.0pt x 333.50018pt on input line 12
2.
<5hpacdrive.PNG, id=46, 304.13625pt x 219.82124pt>
File: 5hpacdrive.PNG Graphic file (type png)
<use 5hpacdrive.PNG>
Package pdftex.def Info: 5hpacdrive.PNG  used on input line 130. on input line 
130.
Package pdftex.def Info: Requested size: 452.0pt x 326.7022pt on input line 130
.
<motorstarter.PNG, id=47, 296.90926pt x 222.8325pt>
File: motorstarter.PNG Graphic file (type png)
<use motorstarter.PNG>
Package pdftex.def Info: motorstarter.PNG  used on input line 137. on input lin
e 137.
Package pdftex.def Info: Requested size: 452.0pt x 339.22914pt on input line 13
7.
 [12] [13 <./plc.PNG>] [14 <./5hpacdrive.PNG>] [15 <./motorstarter.PNG>] (main.
aux)

LaTeX Warning: Label(s) may have changed. Rerun to get cross-references right.

 ) 
Here is how much of TeX's memory you used:
 1517 strings out of 493312
 23360 string characters out of 3138893
 78131 words of memory out of 3000000
 5072 multiletter control sequences out of 15000+200000
 8347 words of font info for 30 fonts, out of 3000000 for 9000
 1141 hyphenation exceptions out of 8191
 41i,6n,25p,1154b,303s stack positions out of 5000i,500n,10000p,200000b,50000s
<C:/Program Files/MiKTeX 2.9/fonts/type1/public/amsfonts/cm/cmbx12.pfb><C:/Pr
ogram Files/MiKTeX 2.9/fonts/type1/public/amsfonts/cm/cmmi12.pfb><C:/Program Fi
les/MiKTeX 2.9/fonts/type1/public/amsfonts/cm/cmr17.pfb>
Output written on main.pdf (15 pages, 249006 bytes).
PDF statistics:
 75 PDF objects out of 1000 (max. 8388607)
 0 named destinations out of 1000 (max. 500000)
 31 words of extra memory for PDF output out of 10000 (max. 10000000)

