This is pdfTeX, Version 3.14159265-2.6-1.40.18 (MiKTeX 2.9.6500 64-bit) (preloaded format=pdflatex 2017.12.3)  7 DEC 2017 22:12
entering extended mode
**./Results.tex
(Results.tex
LaTeX2e <2017-04-15>
Babel <3.15> and hyphenation patterns for 75 language(s) loaded.
("C:\Program Files\MiKTeX 2.9\tex\latex\extsizes\extreport.cls"
Document Class: extreport 1996/10/08 v1.0 Non Standard LaTeX document class
("C:\Program Files\MiKTeX 2.9\tex\latex\extsizes\size17.clo"
File: size17.clo 1999/11/11 NON-Standard LaTeX file (size option)
)
("C:\Program Files\MiKTeX 2.9\tex\latex\base\exscale.sty"
Package: exscale 2014/09/29 v2.1h Standard LaTeX package exscale
LaTeX Font Info:    Redeclaring symbol font `largesymbols' on input line 57.
LaTeX Font Info:    Overwriting symbol font `largesymbols' in version `normal'
(Font)                  OMX/cmex/m/n --> OMX/cmex/m/n on input line 57.
LaTeX Font Info:    Overwriting symbol font `largesymbols' in version `bold'
(Font)                  OMX/cmex/m/n --> OMX/cmex/m/n on input line 57.
\big@size=\dimen102
)
\c@part=\count79
\c@chapter=\count80
\c@section=\count81
\c@subsection=\count82
\c@subsubsection=\count83
\c@paragraph=\count84
\c@subparagraph=\count85
\c@figure=\count86
\c@table=\count87
\abovecaptionskip=\skip41
\belowcaptionskip=\skip42
\bibindent=\dimen103
)
("C:\Program Files\MiKTeX 2.9\tex\latex\graphics\graphicx.sty"
Package: graphicx 2017/06/01 v1.1a Enhanced LaTeX Graphics (DPC,SPQR)

("C:\Program Files\MiKTeX 2.9\tex\latex\graphics\keyval.sty"
Package: keyval 2014/10/28 v1.15 key=value parser (DPC)
\KV@toks@=\toks14
)
("C:\Program Files\MiKTeX 2.9\tex\latex\graphics\graphics.sty"
Package: graphics 2017/06/25 v1.2c Standard LaTeX Graphics (DPC,SPQR)

("C:\Program Files\MiKTeX 2.9\tex\latex\graphics\trig.sty"
Package: trig 2016/01/03 v1.10 sin cos tan (DPC)
)
("C:\Program Files\MiKTeX 2.9\tex\latex\graphics-cfg\graphics.cfg"
File: graphics.cfg 2016/06/04 v1.11 sample graphics configuration
)
Package graphics Info: Driver file: pdftex.def on input line 99.

("C:\Program Files\MiKTeX 2.9\tex\latex\graphics-def\pdftex.def"
File: pdftex.def 2017/06/24 v1.0g Graphics/color driver for pdftex
))
\Gin@req@height=\dimen104
\Gin@req@width=\dimen105
)
("C:\Program Files\MiKTeX 2.9\tex\latex\amsmath\amsmath.sty"
Package: amsmath 2017/09/02 v2.17a AMS math features
\@mathmargin=\skip43

For additional information on amsmath, use the `?' option.
("C:\Program Files\MiKTeX 2.9\tex\latex\amsmath\amstext.sty"
Package: amstext 2000/06/29 v2.01 AMS text

("C:\Program Files\MiKTeX 2.9\tex\latex\amsmath\amsgen.sty"
File: amsgen.sty 1999/11/30 v2.0 generic functions
\@emptytoks=\toks15
\ex@=\dimen106
))
("C:\Program Files\MiKTeX 2.9\tex\latex\amsmath\amsbsy.sty"
Package: amsbsy 1999/11/29 v1.2d Bold Symbols
\pmbraise@=\dimen107
)
("C:\Program Files\MiKTeX 2.9\tex\latex\amsmath\amsopn.sty"
Package: amsopn 2016/03/08 v2.02 operator names
)
\inf@bad=\count88
LaTeX Info: Redefining \frac on input line 213.
\uproot@=\count89
\leftroot@=\count90
LaTeX Info: Redefining \overline on input line 375.
\classnum@=\count91
\DOTSCASE@=\count92
LaTeX Info: Redefining \ldots on input line 472.
LaTeX Info: Redefining \dots on input line 475.
LaTeX Info: Redefining \cdots on input line 596.
\Mathstrutbox@=\box26
\strutbox@=\box27
\big@size=\dimen108
LaTeX Font Info:    Redeclaring font encoding OML on input line 712.
LaTeX Font Info:    Redeclaring font encoding OMS on input line 713.
\macc@depth=\count93
\c@MaxMatrixCols=\count94
\dotsspace@=\muskip10
\c@parentequation=\count95
\dspbrk@lvl=\count96
\tag@help=\toks16
\row@=\count97
\column@=\count98
\maxfields@=\count99
\andhelp@=\toks17
\eqnshift@=\dimen109
\alignsep@=\dimen110
\tagshift@=\dimen111
\tagwidth@=\dimen112
\totwidth@=\dimen113
\lineht@=\dimen114
\@envbody=\toks18
\multlinegap=\skip44
\multlinetaggap=\skip45
\mathdisplay@stack=\toks19
LaTeX Info: Redefining \[ on input line 2817.
LaTeX Info: Redefining \] on input line 2818.
)
("C:\Program Files\MiKTeX 2.9\tex\latex\mathtools\mathtools.sty"
Package: mathtools 2017/10/30 v1.20 mathematical typesetting tools

("C:\Program Files\MiKTeX 2.9\tex\latex\tools\calc.sty"
Package: calc 2014/10/28 v4.3 Infix arithmetic (KKT,FJ)
\calc@Acount=\count100
\calc@Bcount=\count101
\calc@Adimen=\dimen115
\calc@Bdimen=\dimen116
\calc@Askip=\skip46
\calc@Bskip=\skip47
LaTeX Info: Redefining \setlength on input line 80.
LaTeX Info: Redefining \addtolength on input line 81.
\calc@Ccount=\count102
\calc@Cskip=\skip48
)
("C:\Program Files\MiKTeX 2.9\tex\latex\mathtools\mhsetup.sty"
Package: mhsetup 2017/03/31 v1.3 programming setup (MH)
)
LaTeX Info: Thecontrolsequence`\('isalreadyrobust on input line 129.
LaTeX Info: Thecontrolsequence`\)'isalreadyrobust on input line 129.
LaTeX Info: Thecontrolsequence`\['isalreadyrobust on input line 129.
LaTeX Info: Thecontrolsequence`\]'isalreadyrobust on input line 129.
\g_MT_multlinerow_int=\count103
\l_MT_multwidth_dim=\dimen117
\origjot=\skip49
\l_MT_shortvdotswithinadjustabove_dim=\dimen118
\l_MT_shortvdotswithinadjustbelow_dim=\dimen119
\l_MT_above_intertext_sep=\dimen120
\l_MT_below_intertext_sep=\dimen121
\l_MT_above_shortintertext_sep=\dimen122
\l_MT_below_shortintertext_sep=\dimen123
)
("C:\Program Files\MiKTeX 2.9\tex\latex\hyperref\hyperref.sty"
Package: hyperref 2017/03/14 v6.85a Hypertext links for LaTeX

("C:\Program Files\MiKTeX 2.9\tex\generic\oberdiek\hobsub-hyperref.sty"
Package: hobsub-hyperref 2016/05/16 v1.14 Bundle oberdiek, subset hyperref (HO)


("C:\Program Files\MiKTeX 2.9\tex\generic\oberdiek\hobsub-generic.sty"
Package: hobsub-generic 2016/05/16 v1.14 Bundle oberdiek, subset generic (HO)
Package: hobsub 2016/05/16 v1.14 Construct package bundles (HO)
Package: infwarerr 2016/05/16 v1.4 Providing info/warning/error messages (HO)
Package: ltxcmds 2016/05/16 v1.23 LaTeX kernel commands for general use (HO)
Package: ifluatex 2016/05/16 v1.4 Provides the ifluatex switch (HO)
Package ifluatex Info: LuaTeX not detected.
Package: ifvtex 2016/05/16 v1.6 Detect VTeX and its facilities (HO)
Package ifvtex Info: VTeX not detected.
Package: intcalc 2016/05/16 v1.2 Expandable calculations with integers (HO)
Package: ifpdf 2017/03/15 v3.2 Provides the ifpdf switch
Package: etexcmds 2016/05/16 v1.6 Avoid name clashes with e-TeX commands (HO)
Package etexcmds Info: Could not find \expanded.
(etexcmds)             That can mean that you are not using pdfTeX 1.50 or
(etexcmds)             that some package has redefined \expanded.
(etexcmds)             In the latter case, load this package earlier.
Package: kvsetkeys 2016/05/16 v1.17 Key value parser (HO)
Package: kvdefinekeys 2016/05/16 v1.4 Define keys (HO)
Package: pdftexcmds 2017/03/19 v0.25 Utility functions of pdfTeX for LuaTeX (HO
)
Package pdftexcmds Info: LuaTeX not detected.
Package pdftexcmds Info: \pdf@primitive is available.
Package pdftexcmds Info: \pdf@ifprimitive is available.
Package pdftexcmds Info: \pdfdraftmode found.
Package: pdfescape 2016/05/16 v1.14 Implements pdfTeX's escape features (HO)
Package: bigintcalc 2016/05/16 v1.4 Expandable calculations on big integers (HO
)
Package: bitset 2016/05/16 v1.2 Handle bit-vector datatype (HO)
Package: uniquecounter 2016/05/16 v1.3 Provide unlimited unique counter (HO)
)
Package hobsub Info: Skipping package `hobsub' (already loaded).
Package: letltxmacro 2016/05/16 v1.5 Let assignment for LaTeX macros (HO)
Package: hopatch 2016/05/16 v1.3 Wrapper for package hooks (HO)
Package: xcolor-patch 2016/05/16 xcolor patch
Package: atveryend 2016/05/16 v1.9 Hooks at the very end of document (HO)
Package atveryend Info: \enddocument detected (standard20110627).
Package: atbegshi 2016/06/09 v1.18 At begin shipout hook (HO)
Package: refcount 2016/05/16 v3.5 Data extraction from label references (HO)
Package: hycolor 2016/05/16 v1.8 Color options for hyperref/bookmark (HO)
)
("C:\Program Files\MiKTeX 2.9\tex\generic\ifxetex\ifxetex.sty"
Package: ifxetex 2010/09/12 v0.6 Provides ifxetex conditional
)
("C:\Program Files\MiKTeX 2.9\tex\latex\oberdiek\auxhook.sty"
Package: auxhook 2016/05/16 v1.4 Hooks for auxiliary files (HO)
)
("C:\Program Files\MiKTeX 2.9\tex\latex\oberdiek\kvoptions.sty"
Package: kvoptions 2016/05/16 v3.12 Key value format for package options (HO)
)
\@linkdim=\dimen124
\Hy@linkcounter=\count104
\Hy@pagecounter=\count105

("C:\Program Files\MiKTeX 2.9\tex\latex\hyperref\pd1enc.def"
File: pd1enc.def 2017/03/14 v6.85a Hyperref: PDFDocEncoding definition (HO)
)
\Hy@SavedSpaceFactor=\count106

("C:\Program Files\MiKTeX 2.9\tex\latex\00miktex\hyperref.cfg"
File: hyperref.cfg 2002/06/06 v1.2 hyperref configuration of TeXLive
)
Package hyperref Info: Hyper figures OFF on input line 4498.
Package hyperref Info: Link nesting OFF on input line 4503.
Package hyperref Info: Hyper index ON on input line 4506.
Package hyperref Info: Plain pages OFF on input line 4513.
Package hyperref Info: Backreferencing OFF on input line 4518.
Package hyperref Info: Implicit mode ON; LaTeX internals redefined.
Package hyperref Info: Bookmarks ON on input line 4751.
\c@Hy@tempcnt=\count107

("C:\Program Files\MiKTeX 2.9\tex\latex\url\url.sty"
\Urlmuskip=\muskip11
Package: url 2013/09/16  ver 3.4  Verb mode for urls, etc.
)
LaTeX Info: Redefining \url on input line 5104.
\XeTeXLinkMargin=\dimen125
\Fld@menulength=\count108
\Field@Width=\dimen126
\Fld@charsize=\dimen127
Package hyperref Info: Hyper figures OFF on input line 6358.
Package hyperref Info: Link nesting OFF on input line 6363.
Package hyperref Info: Hyper index ON on input line 6366.
Package hyperref Info: backreferencing OFF on input line 6373.
Package hyperref Info: Link coloring OFF on input line 6378.
Package hyperref Info: Link coloring with OCG OFF on input line 6383.
Package hyperref Info: PDF/A mode OFF on input line 6388.
LaTeX Info: Redefining \ref on input line 6428.
LaTeX Info: Redefining \pageref on input line 6432.
\Hy@abspage=\count109
\c@Item=\count110
\c@Hfootnote=\count111
)

Package hyperref Message: Driver (autodetected): hpdftex.

("C:\Program Files\MiKTeX 2.9\tex\latex\hyperref\hpdftex.def"
File: hpdftex.def 2017/03/14 v6.85a Hyperref driver for pdfTeX
\Fld@listcount=\count112
\c@bookmark@seq@number=\count113

("C:\Program Files\MiKTeX 2.9\tex\latex\oberdiek\rerunfilecheck.sty"
Package: rerunfilecheck 2016/05/16 v1.8 Rerun checks for auxiliary files (HO)
Package uniquecounter Info: New unique counter `rerunfilecheck' on input line 2
82.
)
\Hy@SectionHShift=\skip50
)
(C:\Users\Jaydeep\AppData\Roaming\MiKTeX\2.9\tex\latex\tocbibind\tocbibind.sty
Package: tocbibind 2010/10/13 v1.5k extra ToC listings
Package tocbibind Info: The document has chapter divisions on input line 50.


Package tocbibind Note: Using chapter style headings, unless overridden.

) ("C:\Program Files\MiKTeX 2.9\tex\latex\wrapfig\wrapfig.sty"
\wrapoverhang=\dimen128
\WF@size=\dimen129
\c@WF@wrappedlines=\count114
\WF@box=\box28
\WF@everypar=\toks20
Package: wrapfig 2003/01/31  v 3.6
)
("C:\Program Files\MiKTeX 2.9\tex\latex\float\float.sty"
Package: float 2001/11/08 v1.3d Float enhancements (AL)
\c@float@type=\count115
\float@exts=\toks21
\float@box=\box29
\@float@everytoks=\toks22
\@floatcapt=\box30
)
Package hyperref Info: Option `colorlinks' set `true' on input line 14.
 (Results.aux)
\openout1 = `Results.aux'.

LaTeX Font Info:    Checking defaults for OML/cmm/m/it on input line 16.
LaTeX Font Info:    ... okay on input line 16.
LaTeX Font Info:    Checking defaults for T1/cmr/m/n on input line 16.
LaTeX Font Info:    ... okay on input line 16.
LaTeX Font Info:    Checking defaults for OT1/cmr/m/n on input line 16.
LaTeX Font Info:    ... okay on input line 16.
LaTeX Font Info:    Checking defaults for OMS/cmsy/m/n on input line 16.
LaTeX Font Info:    ... okay on input line 16.
LaTeX Font Info:    Checking defaults for OMX/cmex/m/n on input line 16.
LaTeX Font Info:    ... okay on input line 16.
LaTeX Font Info:    Checking defaults for U/cmr/m/n on input line 16.
LaTeX Font Info:    ... okay on input line 16.
LaTeX Font Info:    Checking defaults for PD1/pdf/m/n on input line 16.
LaTeX Font Info:    ... okay on input line 16.

("C:\Program Files\MiKTeX 2.9\tex\context\base\supp-pdf.mkii"
[Loading MPS to PDF converter (version 2006.09.02).]
\scratchcounter=\count116
\scratchdimen=\dimen130
\scratchbox=\box31
\nofMPsegments=\count117
\nofMParguments=\count118
\everyMPshowfont=\toks23
\MPscratchCnt=\count119
\MPscratchDim=\dimen131
\MPnumerator=\count120
\makeMPintoPDFobject=\count121
\everyMPtoPDFconversion=\toks24
) ("C:\Program Files\MiKTeX 2.9\tex\latex\oberdiek\epstopdf-base.sty"
Package: epstopdf-base 2016/05/15 v2.6 Base part for package epstopdf

("C:\Program Files\MiKTeX 2.9\tex\latex\oberdiek\grfext.sty"
Package: grfext 2016/05/16 v1.2 Manage graphics extensions (HO)
)
Package epstopdf-base Info: Redefining graphics rule for `.eps' on input line 4
38.
Package grfext Info: Graphics extension search list:
(grfext)             [.pdf,.png,.jpg,.mps,.jpeg,.jbig2,.jb2,.PDF,.PNG,.JPG,.JPE
G,.JBIG2,.JB2,.eps]
(grfext)             \AppendGraphicsExtensions on input line 456.
)
\AtBeginShipoutBox=\box32

("C:\Program Files\MiKTeX 2.9\tex\latex\graphics\color.sty"
Package: color 2016/07/10 v1.1e Standard LaTeX Color (DPC)

("C:\Program Files\MiKTeX 2.9\tex\latex\graphics-cfg\color.cfg"
File: color.cfg 2016/01/02 v1.6 sample color configuration
)
Package color Info: Driver file: pdftex.def on input line 147.
)
Package hyperref Info: Link coloring ON on input line 16.

("C:\Program Files\MiKTeX 2.9\tex\latex\hyperref\nameref.sty"
Package: nameref 2016/05/21 v2.44 Cross-referencing by name of section

("C:\Program Files\MiKTeX 2.9\tex\generic\oberdiek\gettitlestring.sty"
Package: gettitlestring 2016/05/16 v1.5 Cleanup title references (HO)
)
\c@section@level=\count122
)
LaTeX Info: Redefining \ref on input line 16.
LaTeX Info: Redefining \pageref on input line 16.
LaTeX Info: Redefining \nameref on input line 16.

(Results.out) (Results.out)
\@outlinefile=\write3
\openout3 = `Results.out'.


Chapter 1.

LaTeX Warning: Citation `Voltage sag analysis case studies' on page 1 undefined
 on input line 20.


LaTeX Warning: Citation `A probabilistic method for comprehensive voltage sag m
anagement in power distribution systems' on page 1 undefined on input line 21.

[1


{C:/Users/Jaydeep/AppData/Local/MiKTeX/2.9/pdftex/config/pdftex.map}]
Overfull \hbox (3.97066pt too wide) in paragraph at lines 27--43
[][]
 []

Package epstopdf Info: Source file: <pc.eps>
(epstopdf)                    date: 2017-12-07 20:19:47
(epstopdf)                    size: 935800 bytes
(epstopdf)             Output file: <pc-eps-converted-to.pdf>
(epstopdf)                    date: 2017-12-07 21:46:56
(epstopdf)                    size: 200897 bytes
(epstopdf)             Command: <epstopdf --outfile=pc-eps-converted-to.pdf pc.
eps>
(epstopdf)             \includegraphics on input line 51.
Package epstopdf Info: Output file is already uptodate.
<pc-eps-converted-to.pdf, id=49, pagebox=cropbox, 478.78876pt x 338.26375pt>
File: pc-eps-converted-to.pdf Graphic file (type pdf)
<use pc-eps-converted-to.pdf>
Package pdftex.def Info: pc-eps-converted-to.pdf  used on input line 51. on inp
ut line 51.
Package pdftex.def Info: Requested size: 452.0pt x 319.34091pt on input line 51
.
Package epstopdf Info: Source file: <scatter_pc.eps>
(epstopdf)                    date: 2017-12-07 20:28:41
(epstopdf)                    size: 132261 bytes
(epstopdf)             Output file: <scatter_pc-eps-converted-to.pdf>
(epstopdf)                    date: 2017-12-07 21:31:21
(epstopdf)                    size: 13018 bytes
(epstopdf)             Command: <epstopdf --outfile=scatter_pc-eps-converted-to
.pdf scatter_pc.eps>
(epstopdf)             \includegraphics on input line 57.
Package epstopdf Info: Output file is already uptodate.
<scatter_pc-eps-converted-to.pdf, id=51, pagebox=cropbox, 471.7625pt x 340.2712
6pt>
File: scatter_pc-eps-converted-to.pdf Graphic file (type pdf)
<use scatter_pc-eps-converted-to.pdf>
Package pdftex.def Info: scatter_pc-eps-converted-to.pdf  used on input line 57
. on input line 57.
Package pdftex.def Info: Requested size: 452.0pt x 326.02324pt on input line 57
.

LaTeX Warning: `!h' float specifier changed to `!ht'.


LaTeX Warning: `!h' float specifier changed to `!ht'.

[2pdfTeX warning (ext4): destination with the same identifier (name{table.1.1})
 has been already used, duplicate ignored

\AtBegShi@Output ...ipout \box \AtBeginShipoutBox 
                                                  \fi \fi 
l.79 \newpage
              \section[PLC]{PLC}]
Package epstopdf Info: Source file: <plc.eps>
(epstopdf)                    date: 2017-12-07 20:30:52
(epstopdf)                    size: 886754 bytes
(epstopdf)             Output file: <plc-eps-converted-to.pdf>
(epstopdf)                    date: 2017-12-07 21:32:36
(epstopdf)                    size: 208038 bytes
(epstopdf)             Command: <epstopdf --outfile=plc-eps-converted-to.pdf pl
c.eps>
(epstopdf)             \includegraphics on input line 83.
Package epstopdf Info: Output file is already uptodate.
<plc-eps-converted-to.pdf, id=65, pagebox=cropbox, 467.7475pt x 342.27875pt>
File: plc-eps-converted-to.pdf Graphic file (type pdf)
<use plc-eps-converted-to.pdf>
Package pdftex.def Info: plc-eps-converted-to.pdf  used on input line 83. on in
put line 83.
Package pdftex.def Info: Requested size: 452.0pt x 330.77217pt on input line 83
.
Package epstopdf Info: Source file: <scatter_plc.eps>
(epstopdf)                    date: 2017-12-07 20:32:50
(epstopdf)                    size: 128562 bytes
(epstopdf)             Output file: <scatter_plc-eps-converted-to.pdf>
(epstopdf)                    date: 2017-12-07 21:32:37
(epstopdf)                    size: 8672 bytes
(epstopdf)             Command: <epstopdf --outfile=scatter_plc-eps-converted-t
o.pdf scatter_plc.eps>
(epstopdf)             \includegraphics on input line 89.
Package epstopdf Info: Output file is already uptodate.
<scatter_plc-eps-converted-to.pdf, id=67, pagebox=cropbox, 527.9725pt x 345.29p
t>
File: scatter_plc-eps-converted-to.pdf Graphic file (type pdf)
<use scatter_plc-eps-converted-to.pdf>
Package pdftex.def Info: scatter_plc-eps-converted-to.pdf  used on input line 8
9. on input line 89.
Package pdftex.def Info: Requested size: 452.0pt x 295.60535pt on input line 89
.
 [3pdfTeX warning (ext4): destination with the same identifier (name{figure.1.1
}) has been already used, duplicate ignored

\AtBegShi@Output ...ipout \box \AtBeginShipoutBox 
                                                  \fi \fi 
l.93 
      <./pc-eps-converted-to.pdf>]

LaTeX Warning: `!h' float specifier changed to `!ht'.


LaTeX Warning: `h' float specifier changed to `ht'.

[4pdfTeX warning (ext4): destination with the same identifier (name{figure.1.2}
) has been already used, duplicate ignored

\AtBegShi@Output ...ipout \box \AtBeginShipoutBox 
                                                  \fi \fi 
l.113 	 \paragraph
                  { } Figure \ref{fig:asd_sag_5} shows the various sag point...
 <./scatter_pc-eps-converted-to.pdf>] [5pdfTeX warning (ext4): destination with
 the same identifier (name{table.1.2}) has been already used, duplicate ignored


\AtBegShi@Output ...ipout \box \AtBeginShipoutBox 
                                                  \fi \fi 
l.113 	 \paragraph
                  { } Figure \ref{fig:asd_sag_5} shows the various sag point...
pdfTeX warning (ext4): destination with the same identifier (name{figure.1.3}) 
has been already used, duplicate ignored

\AtBegShi@Output ...ipout \box \AtBeginShipoutBox 
                                                  \fi \fi 
l.113 	 \paragraph
                  { } Figure \ref{fig:asd_sag_5} shows the various sag point...
 <./plc-eps-converted-to.pdf>]
Package epstopdf Info: Source file: <asd.eps>
(epstopdf)                    date: 2017-12-07 21:19:20
(epstopdf)                    size: 1004860 bytes
(epstopdf)             Output file: <asd-eps-converted-to.pdf>
(epstopdf)                    date: 2017-12-07 21:34:19
(epstopdf)                    size: 187269 bytes
(epstopdf)             Command: <epstopdf --outfile=asd-eps-converted-to.pdf as
d.eps>
(epstopdf)             \includegraphics on input line 115.
Package epstopdf Info: Output file is already uptodate.
<asd-eps-converted-to.pdf, id=96, pagebox=cropbox, 422.57875pt x 347.2975pt>
File: asd-eps-converted-to.pdf Graphic file (type pdf)
<use asd-eps-converted-to.pdf>
Package pdftex.def Info: asd-eps-converted-to.pdf  used on input line 115. on i
nput line 115.
Package pdftex.def Info: Requested size: 452.0pt x 371.48807pt on input line 11
5.
Package epstopdf Info: Source file: <scatter_asd.eps>
(epstopdf)                    date: 2017-12-07 21:21:01
(epstopdf)                    size: 295540 bytes
(epstopdf)             Output file: <scatter_asd-eps-converted-to.pdf>
(epstopdf)                    date: 2017-12-07 21:34:20
(epstopdf)                    size: 25042 bytes
(epstopdf)             Command: <epstopdf --outfile=scatter_asd-eps-converted-t
o.pdf scatter_asd.eps>
(epstopdf)             \includegraphics on input line 121.
Package epstopdf Info: Output file is already uptodate.
<scatter_asd-eps-converted-to.pdf, id=98, pagebox=cropbox, 421.575pt x 349.305p
t>
File: scatter_asd-eps-converted-to.pdf Graphic file (type pdf)
<use scatter_asd-eps-converted-to.pdf>
Package pdftex.def Info: scatter_asd-eps-converted-to.pdf  used on input line 1
21. on input line 121.
Package pdftex.def Info: Requested size: 452.0pt x 374.52016pt on input line 12
1.


LaTeX Warning: `!h' float specifier changed to `!ht'.


LaTeX Warning: `!h' float specifier changed to `!ht'.

[6pdfTeX warning (ext4): destination with the same identifier (name{figure.1.4}
) has been already used, duplicate ignored

\AtBegShi@Output ...ipout \box \AtBeginShipoutBox 
                                                  \fi \fi 
l.126  \begin{center}
                      <./scatter_plc-eps-converted-to.pdf>]

LaTeX Warning: Text page 7 contains only floats.


Overfull \vbox (4.21024pt too high) has occurred while \output is active []


[7pdfTeX warning (ext4): destination with the same identifier (name{table.1.3})
 has been already used, duplicate ignored

\AtBegShi@Output ...ipout \box \AtBeginShipoutBox 
                                                  \fi \fi 
l.126  \begin{center}
                     pdfTeX warning (ext4): destination with the same identifie
r (name{figure.1.5}) has been already used, duplicate ignored

\AtBegShi@Output ...ipout \box \AtBeginShipoutBox 
                                                  \fi \fi 
l.126  \begin{center}
                      <./asd-eps-converted-to.pdf>] [8pdfTeX warning (ext4): de
stination with the same identifier (name{figure.1.6}) has been already used, du
plicate ignored

\AtBegShi@Output ...ipout \box \AtBeginShipoutBox 
                                                  \fi \fi 
l.143 \newpage
               \section[5hp AC Drive]{5hp AC Drive} <./scatter_asd-eps-converte
d-to.pdf>]
Package epstopdf Info: Source file: <5hp.eps>
(epstopdf)                    date: 2017-12-07 20:03:45
(epstopdf)                    size: 760344 bytes
(epstopdf)             Output file: <5hp-eps-converted-to.pdf>
(epstopdf)                    date: 2017-12-07 21:35:57
(epstopdf)                    size: 132512 bytes
(epstopdf)             Command: <epstopdf --outfile=5hp-eps-converted-to.pdf 5h
p.eps>
(epstopdf)             \includegraphics on input line 147.
Package epstopdf Info: Output file is already uptodate.
<5hp-eps-converted-to.pdf, id=128, pagebox=cropbox, 431.6125pt x 330.23375pt>
File: 5hp-eps-converted-to.pdf Graphic file (type pdf)
<use 5hp-eps-converted-to.pdf>
Package pdftex.def Info: 5hp-eps-converted-to.pdf  used on input line 147. on i
nput line 147.
Package pdftex.def Info: Requested size: 452.0pt x 345.8436pt on input line 147
.
Package epstopdf Info: Source file: <scatter_5hp.eps>
(epstopdf)                    date: 2017-12-07 20:07:07
(epstopdf)                    size: 237717 bytes
(epstopdf)             Output file: <scatter_5hp-eps-converted-to.pdf>
(epstopdf)                    date: 2017-12-07 21:35:58
(epstopdf)                    size: 20269 bytes
(epstopdf)             Command: <epstopdf --outfile=scatter_5hp-eps-converted-t
o.pdf scatter_5hp.eps>
(epstopdf)             \includegraphics on input line 153.
Package epstopdf Info: Output file is already uptodate.
<scatter_5hp-eps-converted-to.pdf, id=130, pagebox=cropbox, 415.5525pt x 332.24
126pt>
File: scatter_5hp-eps-converted-to.pdf Graphic file (type pdf)
<use scatter_5hp-eps-converted-to.pdf>
Package pdftex.def Info: scatter_5hp-eps-converted-to.pdf  used on input line 1
53. on input line 153.
Package pdftex.def Info: Requested size: 452.0pt x 361.39561pt on input line 15
3.


LaTeX Warning: `!h' float specifier changed to `!ht'.


LaTeX Warning: `!h' float specifier changed to `!ht'.

[9pdfTeX warning (ext4): destination with the same identifier (name{table.1.4})
 has been already used, duplicate ignored

\AtBegShi@Output ...ipout \box \AtBeginShipoutBox 
                                                  \fi \fi 
l.177 	 \paragraph
                  {} Figure \ref{fig:ms_sag_5} shows the various sag points ...
pdfTeX warning (ext4): destination with the same identifier (name{table.1.5}) h
as been already used, duplicate ignored

\AtBegShi@Output ...ipout \box \AtBeginShipoutBox 
                                                  \fi \fi 
l.177 	 \paragraph
                  {} Figure \ref{fig:ms_sag_5} shows the various sag points ...
]
Package epstopdf Info: Source file: <motor_starter.eps>
(epstopdf)                    date: 2017-12-07 20:10:14
(epstopdf)                    size: 760195 bytes
(epstopdf)             Output file: <motor_starter-eps-converted-to.pdf>
(epstopdf)                    date: 2017-12-07 21:39:45
(epstopdf)                    size: 128582 bytes
(epstopdf)             Command: <epstopdf --outfile=motor_starter-eps-converted
-to.pdf motor_starter.eps>
(epstopdf)             \includegraphics on input line 179.
Package epstopdf Info: Output file is already uptodate.
<motor_starter-eps-converted-to.pdf, id=142, pagebox=cropbox, 393.47pt x 334.24
875pt>
File: motor_starter-eps-converted-to.pdf Graphic file (type pdf)
<use motor_starter-eps-converted-to.pdf>
Package pdftex.def Info: motor_starter-eps-converted-to.pdf  used on input line
 179. on input line 179.
Package pdftex.def Info: Requested size: 452.0pt x 383.96484pt on input line 17
9.
Package epstopdf Info: Source file: <scatter_ms.eps>
(epstopdf)                    date: 2017-12-07 20:12:20
(epstopdf)                    size: 254009 bytes
(epstopdf)             Output file: <scatter_ms-eps-converted-to.pdf>
(epstopdf)                    date: 2017-12-07 21:39:13
(epstopdf)                    size: 22156 bytes
(epstopdf)             Command: <epstopdf --outfile=scatter_ms-eps-converted-to
.pdf scatter_ms.eps>
(epstopdf)             \includegraphics on input line 185.
Package epstopdf Info: Output file is already uptodate.
<scatter_ms-eps-converted-to.pdf, id=144, pagebox=cropbox, 507.8975pt x 336.256
26pt>
File: scatter_ms-eps-converted-to.pdf Graphic file (type pdf)
<use scatter_ms-eps-converted-to.pdf>
Package pdftex.def Info: scatter_ms-eps-converted-to.pdf  used on input line 18
5. on input line 185.
Package pdftex.def Info: Requested size: 452.0pt x 299.25687pt on input line 18
5.
 [10pdfTeX warning (ext4): destination with the same identifier (name{figure.1.
7}) has been already used, duplicate ignored

\AtBegShi@Output ...ipout \box \AtBeginShipoutBox 
                                                  \fi \fi 
l.190  \begin{center}
                      <./5hp-eps-converted-to.pdf>]

LaTeX Warning: `!h' float specifier changed to `!ht'.


LaTeX Warning: `!h' float specifier changed to `!ht'.

[11pdfTeX warning (ext4): destination with the same identifier (name{figure.1.8
}) has been already used, duplicate ignored

\AtBegShi@Output ...ipout \box \AtBeginShipoutBox 
                                                  \fi \fi 
l.209 	 \paragraph
                  {} Figure \ref{fig:con_sag_5} shows the various sag points...
 <./scatter_5hp-eps-converted-to.pdf>]
Package epstopdf Info: Source file: <contactor.eps>
(epstopdf)                    date: 2017-12-07 21:25:57
(epstopdf)                    size: 390317 bytes
(epstopdf)             Output file: <contactor-eps-converted-to.pdf>
(epstopdf)                    date: 2017-12-07 21:40:43
(epstopdf)                    size: 70385 bytes
(epstopdf)             Command: <epstopdf --outfile=contactor-eps-converted-to.
pdf contactor.eps>
(epstopdf)             \includegraphics on input line 211.
Package epstopdf Info: Output file is already uptodate.
<contactor-eps-converted-to.pdf, id=166, pagebox=cropbox, 395.4775pt x 351.3125
pt>
File: contactor-eps-converted-to.pdf Graphic file (type pdf)
<use contactor-eps-converted-to.pdf>
Package pdftex.def Info: contactor-eps-converted-to.pdf  used on input line 211
. on input line 211.
Package pdftex.def Info: Requested size: 452.0pt x 401.52963pt on input line 21
1.
Package epstopdf Info: Source file: <contactor_trip_prob.eps>
(epstopdf)                    date: 2017-12-07 21:44:46
(epstopdf)                    size: 518591 bytes
(epstopdf)             Output file: <contactor_trip_prob-eps-converted-to.pdf>
(epstopdf)                    date: 2017-12-07 21:46:58
(epstopdf)                    size: 33391 bytes
(epstopdf)             Command: <epstopdf --outfile=contactor_trip_prob-eps-con
verted-to.pdf contactor_trip_prob.eps>
(epstopdf)             \includegraphics on input line 217.
Package epstopdf Info: Output file is already uptodate.
<contactor_trip_prob-eps-converted-to.pdf, id=168, pagebox=cropbox, 318.18875pt
 x 273.02pt>
File: contactor_trip_prob-eps-converted-to.pdf Graphic file (type pdf)
<use contactor_trip_prob-eps-converted-to.pdf>
Package pdftex.def Info: contactor_trip_prob-eps-converted-to.pdf  used on inpu
t line 217. on input line 217.
Package pdftex.def Info: Requested size: 452.0pt x 387.83275pt on input line 21
7.
 [12pdfTeX warning (ext4): destination with the same identifier (name{figure.1.
9}) has been already used, duplicate ignored

\AtBegShi@Output ...ipout \box \AtBeginShipoutBox 
                                                  \fi \fi 
l.221 
       <./motor_starter-eps-converted-to.pdf>]

LaTeX Warning: `!h' float specifier changed to `!ht'.


LaTeX Warning: `!h' float specifier changed to `!ht'.

[13pdfTeX warning (ext4): destination with the same identifier (name{figure.1.1
0}) has been already used, duplicate ignored

\AtBegShi@Output ...ipout \box \AtBeginShipoutBox 
                                                  \fi \fi 
l.222 \newpage
               \section[Process Trip]{Process Trip} The process trips were c...
 <./scatter_ms-eps-converted-to.pdf>]

LaTeX Warning: Reference `tab:process_designations' on page 14 undefined on inp
ut line 222.

<Drawing6(1).png, id=188, 199.74625pt x 26.0975pt>
File: Drawing6(1).png Graphic file (type png)
<use Drawing6(1).png>
Package pdftex.def Info: Drawing6(1).png  used on input line 256. on input line
 256.
Package pdftex.def Info: Requested size: 199.74576pt x 26.09743pt on input line
 256.
[14pdfTeX warning (ext4): destination with the same identifier (name{table.1.6}
) has been already used, duplicate ignored

\AtBegShi@Output ...ipout \box \AtBeginShipoutBox 
                                                  \fi \fi 
l.258 \end{figure}
                  pdfTeX warning (ext4): destination with the same identifier (
name{table.1.7}) has been already used, duplicate ignored

\AtBegShi@Output ...ipout \box \AtBeginShipoutBox 
                                                  \fi \fi 
l.258 \end{figure}
                  ]

LaTeX Warning: `!h' float specifier changed to `!ht'.

Package epstopdf Info: Source file: <process_a_series.eps>
(epstopdf)                    date: 2017-12-07 21:50:02
(epstopdf)                    size: 435557 bytes
(epstopdf)             Output file: <process_a_series-eps-converted-to.pdf>
(epstopdf)                    date: 2017-12-07 21:57:19
(epstopdf)                    size: 32384 bytes
(epstopdf)             Command: <epstopdf --outfile=process_a_series-eps-conver
ted-to.pdf process_a_series.eps>
(epstopdf)             \includegraphics on input line 264.
Package epstopdf Info: Output file is already uptodate.
<process_a_series-eps-converted-to.pdf, id=195, pagebox=cropbox, 456.70625pt x 
356.33125pt>
File: process_a_series-eps-converted-to.pdf Graphic file (type pdf)
<use process_a_series-eps-converted-to.pdf>
Package pdftex.def Info: process_a_series-eps-converted-to.pdf  used on input l
ine 264. on input line 264.
Package pdftex.def Info: Requested size: 452.0pt x 352.67114pt on input line 26
4.

LaTeX Warning: `!h' float specifier changed to `!ht'.

[15pdfTeX warning (ext4): destination with the same identifier (name{figure.1.1
1}) has been already used, duplicate ignored

\AtBegShi@Output ...ipout \box \AtBeginShipoutBox 
                                                  \fi \fi 
l.270 \newpage
               \paragraph{ All-Parallel:} In this, the equipments are connec...
 <./contactor-eps-converted-to.pdf>]
<3.png, id=205, 104.39pt x 143.53625pt>
File: 3.png Graphic file (type png)
<use 3.png>
Package pdftex.def Info: 3.png  used on input line 274. on input line 274.
Package pdftex.def Info: Requested size: 104.38972pt x 143.53589pt on input lin
e 274.


LaTeX Warning: `!h' float specifier changed to `!ht'.

Package epstopdf Info: Source file: <process_a_parallel.eps>
(epstopdf)                    date: 2017-12-07 21:54:40
(epstopdf)                    size: 594272 bytes
(epstopdf)             Output file: <process_a_parallel-eps-converted-to.pdf>
(epstopdf)                    date: 2017-12-07 21:57:20
(epstopdf)                    size: 37182 bytes
(epstopdf)             Command: <epstopdf --outfile=process_a_parallel-eps-conv
erted-to.pdf process_a_parallel.eps>
(epstopdf)             \includegraphics on input line 282.
Package epstopdf Info: Output file is already uptodate.
<process_a_parallel-eps-converted-to.pdf, id=207, pagebox=cropbox, 481.8pt x 35
8.33875pt>
File: process_a_parallel-eps-converted-to.pdf Graphic file (type pdf)
<use process_a_parallel-eps-converted-to.pdf>
Package pdftex.def Info: process_a_parallel-eps-converted-to.pdf  used on input
 line 282. on input line 282.
Package pdftex.def Info: Requested size: 452.0pt x 336.18233pt on input line 28
2.
[16pdfTeX warning (ext4): destination with the same identifier (name{figure.1.1
2}) has been already used, duplicate ignored

\AtBegShi@Output ...ipout \box \AtBeginShipoutBox 
                                                  \fi \fi 
l.285 \end{figure}
                  pdfTeX warning (ext4): destination with the same identifier (
name{figure.1.13}) has been already used, duplicate ignored

\AtBegShi@Output ...ipout \box \AtBeginShipoutBox 
                                                  \fi \fi 
l.285 \end{figure}
                   <./contactor_trip_prob-eps-converted-to.pdf> <./Drawing6(1).
png>]

LaTeX Warning: `!h' float specifier changed to `!ht'.

[17pdfTeX warning (ext4): destination with the same identifier (name{figure.1.1
4}) has been already used, duplicate ignored

\AtBegShi@Output ...ipout \box \AtBeginShipoutBox 
                                                  \fi \fi 
l.288 \newpage
               \paragraph{ Series Parallel:} In this, the equipments are con...
 <./process_a_series-eps-converted-to.pdf>]
<2.png, id=225, 168.63pt x 51.19125pt>
File: 2.png Graphic file (type png)
<use 2.png>
Package pdftex.def Info: 2.png  used on input line 292. on input line 292.
Package pdftex.def Info: Requested size: 168.62958pt x 51.19112pt on input line
 292.


LaTeX Warning: `!h' float specifier changed to `!ht'.

Package epstopdf Info: Source file: <process_series_parallel.eps>
(epstopdf)                    date: 2017-12-07 21:57:02
(epstopdf)                    size: 2112344 bytes
(epstopdf)             Output file: <process_series_parallel-eps-converted-to.p
df>
(epstopdf)                    date: 2017-12-07 21:57:22
(epstopdf)                    size: 94133 bytes
(epstopdf)             Command: <epstopdf --outfile=process_series_parallel-eps
-converted-to.pdf process_series_parallel.eps>
(epstopdf)             \includegraphics on input line 300.
Package epstopdf Info: Output file is already uptodate.
<process_series_parallel-eps-converted-to.pdf, id=227, pagebox=cropbox, 445.665
pt x 360.34625pt>
File: process_series_parallel-eps-converted-to.pdf Graphic file (type pdf)
<use process_series_parallel-eps-converted-to.pdf>
Package pdftex.def Info: process_series_parallel-eps-converted-to.pdf  used on 
input line 300. on input line 300.
Package pdftex.def Info: Requested size: 452.0pt x 365.4699pt on input line 300
.
Package atveryend Info: Empty hook `BeforeClearDocument' on input line 305.
[18pdfTeX warning (ext4): destination with the same identifier (name{figure.1.1
5}) has been already used, duplicate ignored

\AtBegShi@Output ...ipout \box \AtBeginShipoutBox 
                                                  \fi \fi 
l.305 \end{document}
                     <./3.png>] [19pdfTeX warning (ext4): destination with the 
same identifier (name{figure.1.16}) has been already used, duplicate ignored

\AtBegShi@Output ...ipout \box \AtBeginShipoutBox 
                                                  \fi \fi 
l.305 \end{document}
                    pdfTeX warning (ext4): destination with the same identifier
 (name{figure.1.17}) has been already used, duplicate ignored

\AtBegShi@Output ...ipout \box \AtBeginShipoutBox 
                                                  \fi \fi 
l.305 \end{document}
                     <./process_a_parallel-eps-converted-to.pdf> <./2.png>]
[20pdfTeX warning (ext4): destination with the same identifier (name{figure.1.1
8}) has been already used, duplicate ignored

\AtBegShi@Output ...ipout \box \AtBeginShipoutBox 
                                                  \fi \fi 
l.305 \end{document}
                     <./process_series_parallel-eps-converted-to.pdf>]
Package atveryend Info: Empty hook `AfterLastShipout' on input line 305.

(Results.aux)
Package atveryend Info: Executing hook `AtVeryEndDocument' on input line 305.
Package atveryend Info: Executing hook `AtEndAfterFileList' on input line 305.
Package rerunfilecheck Info: File `Results.out' has not changed.
(rerunfilecheck)             Checksum: 24E1417C14073ECFCA61FBE269F73C3B;522.


LaTeX Warning: There were undefined references.


LaTeX Warning: Label(s) may have changed. Rerun to get cross-references right.

Package atveryend Info: Empty hook `AtVeryVeryEnd' on input line 305.
 ) 
Here is how much of TeX's memory you used:
 6629 strings out of 493312
 100910 string characters out of 3138893
 188752 words of memory out of 3000000
 10034 multiletter control sequences out of 15000+200000
 7741 words of font info for 28 fonts, out of 3000000 for 9000
 1141 hyphenation exceptions out of 8191
 28i,10n,28p,365b,378s stack positions out of 5000i,500n,10000p,200000b,50000s
<C:/Program Files/MiKTeX 2.9/fonts/type1/public/amsfonts/cm/cmbx12.pfb><C:/Pr
ogram Files/MiKTeX 2.9/fonts/type1/public/amsfonts/cm/cmmi12.pfb><C:/Program Fi
les/MiKTeX 2.9/fonts/type1/public/amsfonts/cm/cmr17.pfb>
Output written on Results.pdf (20 pages, 1267840 bytes).
PDF statistics:
 278 PDF objects out of 1000 (max. 8388607)
 66 named destinations out of 1000 (max. 500000)
 163 words of extra memory for PDF output out of 10000 (max. 10000000)

